# JRE version: OpenJDK Runtime Environment (8.0_152-b01) (build 1.8.0_152-release-1343-b01)
# Java VM: OpenJDK 64-Bit Server VM (25.152-b01 mixed mode windows-amd64 compressed oops)
Heap:
 PSYoungGen      total 439296K, used 236957K [0x00000000e0000000, 0x00000000fe280000, 0x0000000100000000)
  eden space 407040K, 51% used [0x00000000e0000000,0x00000000ecb56420,0x00000000f8d80000)
  from space 32256K, 89% used [0x00000000fc300000,0x00000000fdf11118,0x00000000fe280000)
  to   space 43520K, 0% used [0x00000000f8d80000,0x00000000f8d80000,0x00000000fb800000)
 ParOldGen       total 408064K, used 60424K [0x00000000a0000000, 0x00000000b8e80000, 0x00000000e0000000)
  object space 408064K, 14% used [0x00000000a0000000,0x00000000a3b02218,0x00000000b8e80000)
 Metaspace       used 110104K, capacity 118036K, committed 118168K, reserved 1153024K
  class space    used 13663K, capacity 14942K, committed 15016K, reserved 1048576K
GC Heap History (10 events):
Event: 2853.974 GC heap before
{Heap before GC invocations=24 (full 4):
 PSYoungGen      total 470016K, used 438378K [0x00000000e0000000, 0x00000000ffd80000, 0x0000000100000000)
  eden space 418304K, 100% used [0x00000000e0000000,0x00000000f9880000,0x00000000f9880000)
  from space 51712K, 38% used [0x00000000f9880000,0x00000000fac1ab30,0x00000000fcb00000)
  to   space 49664K, 0% used [0x00000000fcd00000,0x00000000fcd00000,0x00000000ffd80000)
 ParOldGen       total 408064K, used 60372K [0x00000000a0000000, 0x00000000b8e80000, 0x00000000e0000000)
  object space 408064K, 14% used [0x00000000a0000000,0x00000000a3af5350,0x00000000b8e80000)
 Metaspace       used 101893K, capacity 109172K, committed 109208K, reserved 1144832K
  class space    used 12801K, capacity 13984K, committed 13992K, reserved 1048576K
Event: 2853.990 GC heap after
Heap after GC invocations=24 (full 4):
 PSYoungGen      total 470016K, used 18618K [0x00000000e0000000, 0x00000000ffb00000, 0x0000000100000000)
  eden space 422912K, 0% used [0x00000000e0000000,0x00000000e0000000,0x00000000f9d00000)
  from space 47104K, 39% used [0x00000000fcd00000,0x00000000fdf2e9c0,0x00000000ffb00000)
  to   space 48128K, 0% used [0x00000000f9d00000,0x00000000f9d00000,0x00000000fcc00000)
 ParOldGen       total 408064K, used 60380K [0x00000000a0000000, 0x00000000b8e80000, 0x00000000e0000000)
  object space 408064K, 14% used [0x00000000a0000000,0x00000000a3af7350,0x00000000b8e80000)
 Metaspace       used 101893K, capacity 109172K, committed 109208K, reserved 1144832K
  class space    used 12801K, capacity 13984K, committed 13992K, reserved 1048576K
}
Event: 5099.499 GC heap before
{Heap before GC invocations=25 (full 4):
 PSYoungGen      total 470016K, used 441479K [0x00000000e0000000, 0x00000000ffb00000, 0x0000000100000000)
  eden space 422912K, 99% used [0x00000000e0000000,0x00000000f9cf3280,0x00000000f9d00000)
  from space 47104K, 39% used [0x00000000fcd00000,0x00000000fdf2e9c0,0x00000000ffb00000)
  to   space 48128K, 0% used [0x00000000f9d00000,0x00000000f9d00000,0x00000000fcc00000)
 ParOldGen       total 408064K, used 60380K [0x00000000a0000000, 0x00000000b8e80000, 0x00000000e0000000)
  object space 408064K, 14% used [0x00000000a0000000,0x00000000a3af7350,0x00000000b8e80000)
 Metaspace       used 102204K, capacity 109558K, committed 109848K, reserved 1144832K
  class space    used 12809K, capacity 14031K, committed 14120K, reserved 1048576K
Event: 5099.519 GC heap after
Heap after GC invocations=25 (full 4):
 PSYoungGen      total 471040K, used 20033K [0x00000000e0000000, 0x00000000ffd00000, 0x0000000100000000)
  eden space 422912K, 0% used [0x00000000e0000000,0x00000000e0000000,0x00000000f9d00000)
  from space 48128K, 41% used [0x00000000f9d00000,0x00000000fb090460,0x00000000fcc00000)
  to   space 46080K, 0% used [0x00000000fd000000,0x00000000fd000000,0x00000000ffd00000)
 ParOldGen       total 408064K, used 60388K [0x00000000a0000000, 0x00000000b8e80000, 0x00000000e0000000)
  object space 408064K, 14% used [0x00000000a0000000,0x00000000a3af9350,0x00000000b8e80000)
 Metaspace       used 102204K, capacity 109558K, committed 109848K, reserved 1144832K
  class space    used 12809K, capacity 14031K, committed 14120K, reserved 1048576K
}
Event: 6309.210 GC heap before
{Heap before GC invocations=26 (full 4):
 PSYoungGen      total 471040K, used 442945K [0x00000000e0000000, 0x00000000ffd00000, 0x0000000100000000)
  eden space 422912K, 100% used [0x00000000e0000000,0x00000000f9d00000,0x00000000f9d00000)
  from space 48128K, 41% used [0x00000000f9d00000,0x00000000fb090460,0x00000000fcc00000)
  to   space 46080K, 0% used [0x00000000fd000000,0x00000000fd000000,0x00000000ffd00000)
 ParOldGen       total 408064K, used 60388K [0x00000000a0000000, 0x00000000b8e80000, 0x00000000e0000000)
  object space 408064K, 14% used [0x00000000a0000000,0x00000000a3af9350,0x00000000b8e80000)
 Metaspace       used 102458K, capacity 109866K, committed 110104K, reserved 1144832K
  class space    used 12819K, capacity 14049K, committed 14120K, reserved 1048576K
Event: 6309.231 GC heap after
Heap after GC invocations=26 (full 4):
 PSYoungGen      total 473088K, used 19932K [0x00000000e0000000, 0x00000000ffa00000, 0x0000000100000000)
  eden space 430080K, 0% used [0x00000000e0000000,0x00000000e0000000,0x00000000fa400000)
  from space 43008K, 46% used [0x00000000fd000000,0x00000000fe377050,0x00000000ffa00000)
  to   space 44032K, 0% used [0x00000000fa400000,0x00000000fa400000,0x00000000fcf00000)
 ParOldGen       total 408064K, used 60396K [0x00000000a0000000, 0x00000000b8e80000, 0x00000000e0000000)
  object space 408064K, 14% used [0x00000000a0000000,0x00000000a3afb350,0x00000000b8e80000)
 Metaspace       used 102458K, capacity 109866K, committed 110104K, reserved 1144832K
  class space    used 12819K, capacity 14049K, committed 14120K, reserved 1048576K
}
Event: 7002.907 GC heap before
{Heap before GC invocations=27 (full 4):
 PSYoungGen      total 473088K, used 450012K [0x00000000e0000000, 0x00000000ffa00000, 0x0000000100000000)
  eden space 430080K, 100% used [0x00000000e0000000,0x00000000fa400000,0x00000000fa400000)
  from space 43008K, 46% used [0x00000000fd000000,0x00000000fe377050,0x00000000ffa00000)
  to   space 44032K, 0% used [0x00000000fa400000,0x00000000fa400000,0x00000000fcf00000)
 ParOldGen       total 408064K, used 60396K [0x00000000a0000000, 0x00000000b8e80000, 0x00000000e0000000)
  object space 408064K, 14% used [0x00000000a0000000,0x00000000a3afb370,0x00000000b8e80000)
 Metaspace       used 107434K, capacity 115366K, committed 115608K, reserved 1150976K
  class space    used 13396K, capacity 14677K, committed 14760K, reserved 1048576K
Event: 7002.924 GC heap after
Heap after GC invocations=27 (full 4):
 PSYoungGen      total 444416K, used 25800K [0x00000000e0000000, 0x00000000fed80000, 0x0000000100000000)
  eden space 418304K, 0% used [0x00000000e0000000,0x00000000e0000000,0x00000000f9880000)
  from space 26112K, 98% used [0x00000000fa400000,0x00000000fbd322b8,0x00000000fbd80000)
  to   space 43520K, 0% used [0x00000000fc300000,0x00000000fc300000,0x00000000fed80000)
 ParOldGen       total 408064K, used 60412K [0x00000000a0000000, 0x00000000b8e80000, 0x00000000e0000000)
  object space 408064K, 14% used [0x00000000a0000000,0x00000000a3aff370,0x00000000b8e80000)
 Metaspace       used 107434K, capacity 115366K, committed 115608K, reserved 1150976K
  class space    used 13396K, capacity 14677K, committed 14760K, reserved 1048576K
}
Event: 7168.320 GC heap before
{Heap before GC invocations=28 (full 4):
 PSYoungGen      total 444416K, used 444104K [0x00000000e0000000, 0x00000000fed80000, 0x0000000100000000)
  eden space 418304K, 100% used [0x00000000e0000000,0x00000000f9880000,0x00000000f9880000)
  from space 26112K, 98% used [0x00000000fa400000,0x00000000fbd322b8,0x00000000fbd80000)
  to   space 43520K, 0% used [0x00000000fc300000,0x00000000fc300000,0x00000000fed80000)
 ParOldGen       total 408064K, used 60416K [0x00000000a0000000, 0x00000000b8e80000, 0x00000000e0000000)
  object space 408064K, 14% used [0x00000000a0000000,0x00000000a3b00218,0x00000000b8e80000)
 Metaspace       used 110092K, capacity 118036K, committed 118168K, reserved 1153024K
  class space    used 13662K, capacity 14942K, committed 15016K, reserved 1048576K
Event: 7168.338 GC heap after
Heap after GC invocations=28 (full 4):
 PSYoungGen      total 439296K, used 28740K [0x00000000e0000000, 0x00000000fe280000, 0x0000000100000000)
  eden space 407040K, 0% used [0x00000000e0000000,0x00000000e0000000,0x00000000f8d80000)
  from space 32256K, 89% used [0x00000000fc300000,0x00000000fdf11118,0x00000000fe280000)
  to   space 43520K, 0% used [0x00000000f8d80000,0x00000000f8d80000,0x00000000fb800000)
 ParOldGen       total 408064K, used 60424K [0x00000000a0000000, 0x00000000b8e80000, 0x00000000e0000000)
  object space 408064K, 14% used [0x00000000a0000000,0x00000000a3b02218,0x00000000b8e80000)
 Metaspace       used 110092K, capacity 118036K, committed 118168K, reserved 1153024K
  class space    used 13662K, capacity 14942K, committed 15016K, reserved 1048576K
}

