# JRE version: OpenJDK Runtime Environment (8.0_152-b01) (build 1.8.0_152-release-1343-b01)
# Java VM: OpenJDK 64-Bit Server VM (25.152-b01 mixed mode windows-amd64 compressed oops)
Heap:
 PSYoungGen      total 260608K, used 220297K [0x00000000e0000000, 0x00000000f1c00000, 0x0000000100000000)
  eden space 241664K, 91% used [0x00000000e0000000,0x00000000ed7226b8,0x00000000eec00000)
  from space 18944K, 0% used [0x00000000f0100000,0x00000000f0100000,0x00000000f1380000)
  to   space 21504K, 0% used [0x00000000eec00000,0x00000000eec00000,0x00000000f0100000)
 ParOldGen       total 533504K, used 33031K [0x00000000a0000000, 0x00000000c0900000, 0x00000000e0000000)
  object space 533504K, 6% used [0x00000000a0000000,0x00000000a2041fe0,0x00000000c0900000)
 Metaspace       used 62609K, capacity 64778K, committed 65048K, reserved 1105920K
  class space    used 8455K, capacity 8912K, committed 9000K, reserved 1048576K
GC Heap History (10 events):
Event: 2.978 GC heap before
{Heap before GC invocations=5 (full 1):
 PSYoungGen      total 152576K, used 65259K [0x00000000e0000000, 0x00000000edc00000, 0x0000000100000000)
  eden space 131072K, 39% used [0x00000000e0000000,0x00000000e32e6d60,0x00000000e8000000)
  from space 21504K, 61% used [0x00000000e8000000,0x00000000e8cd4058,0x00000000e9500000)
  to   space 21504K, 0% used [0x00000000ec700000,0x00000000ec700000,0x00000000edc00000)
 ParOldGen       total 220160K, used 12750K [0x00000000a0000000, 0x00000000ad700000, 0x00000000e0000000)
  object space 220160K, 5% used [0x00000000a0000000,0x00000000a0c73bd0,0x00000000ad700000)
 Metaspace       used 34605K, capacity 35416K, committed 35496K, reserved 1079296K
  class space    used 4774K, capacity 5011K, committed 5032K, reserved 1048576K
Event: 2.984 GC heap after
Heap after GC invocations=5 (full 1):
 PSYoungGen      total 203776K, used 9885K [0x00000000e0000000, 0x00000000edc80000, 0x0000000100000000)
  eden space 182272K, 0% used [0x00000000e0000000,0x00000000e0000000,0x00000000eb200000)
  from space 21504K, 45% used [0x00000000ec700000,0x00000000ed0a7530,0x00000000edc00000)
  to   space 21504K, 0% used [0x00000000eb200000,0x00000000eb200000,0x00000000ec700000)
 ParOldGen       total 220160K, used 12758K [0x00000000a0000000, 0x00000000ad700000, 0x00000000e0000000)
  object space 220160K, 5% used [0x00000000a0000000,0x00000000a0c75bd0,0x00000000ad700000)
 Metaspace       used 34605K, capacity 35416K, committed 35496K, reserved 1079296K
  class space    used 4774K, capacity 5011K, committed 5032K, reserved 1048576K
}
Event: 2.984 GC heap before
{Heap before GC invocations=6 (full 2):
 PSYoungGen      total 203776K, used 9885K [0x00000000e0000000, 0x00000000edc80000, 0x0000000100000000)
  eden space 182272K, 0% used [0x00000000e0000000,0x00000000e0000000,0x00000000eb200000)
  from space 21504K, 45% used [0x00000000ec700000,0x00000000ed0a7530,0x00000000edc00000)
  to   space 21504K, 0% used [0x00000000eb200000,0x00000000eb200000,0x00000000ec700000)
 ParOldGen       total 220160K, used 12758K [0x00000000a0000000, 0x00000000ad700000, 0x00000000e0000000)
  object space 220160K, 5% used [0x00000000a0000000,0x00000000a0c75bd0,0x00000000ad700000)
 Metaspace       used 34605K, capacity 35416K, committed 35496K, reserved 1079296K
  class space    used 4774K, capacity 5011K, committed 5032K, reserved 1048576K
Event: 3.015 GC heap after
Heap after GC invocations=6 (full 2):
 PSYoungGen      total 203776K, used 0K [0x00000000e0000000, 0x00000000edc80000, 0x0000000100000000)
  eden space 182272K, 0% used [0x00000000e0000000,0x00000000e0000000,0x00000000eb200000)
  from space 21504K, 0% used [0x00000000ec700000,0x00000000ec700000,0x00000000edc00000)
  to   space 21504K, 0% used [0x00000000eb200000,0x00000000eb200000,0x00000000ec700000)
 ParOldGen       total 358400K, used 17096K [0x00000000a0000000, 0x00000000b5e00000, 0x00000000e0000000)
  object space 358400K, 4% used [0x00000000a0000000,0x00000000a10b23f8,0x00000000b5e00000)
 Metaspace       used 34562K, capacity 35272K, committed 35496K, reserved 1079296K
  class space    used 4760K, capacity 4987K, committed 5032K, reserved 1048576K
}
Event: 4.094 GC heap before
{Heap before GC invocations=7 (full 2):
 PSYoungGen      total 203776K, used 182272K [0x00000000e0000000, 0x00000000edc80000, 0x0000000100000000)
  eden space 182272K, 100% used [0x00000000e0000000,0x00000000eb200000,0x00000000eb200000)
  from space 21504K, 0% used [0x00000000ec700000,0x00000000ec700000,0x00000000edc00000)
  to   space 21504K, 0% used [0x00000000eb200000,0x00000000eb200000,0x00000000ec700000)
 ParOldGen       total 358400K, used 17096K [0x00000000a0000000, 0x00000000b5e00000, 0x00000000e0000000)
  object space 358400K, 4% used [0x00000000a0000000,0x00000000a10b23f8,0x00000000b5e00000)
 Metaspace       used 50257K, capacity 51402K, committed 51624K, reserved 1093632K
  class space    used 6745K, capacity 7022K, committed 7080K, reserved 1048576K
Event: 4.103 GC heap after
Heap after GC invocations=7 (full 2):
 PSYoungGen      total 203776K, used 19446K [0x00000000e0000000, 0x00000000f1380000, 0x0000000100000000)
  eden space 182272K, 0% used [0x00000000e0000000,0x00000000e0000000,0x00000000eb200000)
  from space 21504K, 90% used [0x00000000eb200000,0x00000000ec4fd900,0x00000000ec700000)
  to   space 18944K, 0% used [0x00000000f0100000,0x00000000f0100000,0x00000000f1380000)
 ParOldGen       total 358400K, used 17169K [0x00000000a0000000, 0x00000000b5e00000, 0x00000000e0000000)
  object space 358400K, 4% used [0x00000000a0000000,0x00000000a10c4408,0x00000000b5e00000)
 Metaspace       used 50257K, capacity 51402K, committed 51624K, reserved 1093632K
  class space    used 6745K, capacity 7022K, committed 7080K, reserved 1048576K
}
Event: 4.695 GC heap before
{Heap before GC invocations=8 (full 2):
 PSYoungGen      total 203776K, used 111031K [0x00000000e0000000, 0x00000000f1380000, 0x0000000100000000)
  eden space 182272K, 50% used [0x00000000e0000000,0x00000000e59704b0,0x00000000eb200000)
  from space 21504K, 90% used [0x00000000eb200000,0x00000000ec4fd900,0x00000000ec700000)
  to   space 18944K, 0% used [0x00000000f0100000,0x00000000f0100000,0x00000000f1380000)
 ParOldGen       total 358400K, used 17169K [0x00000000a0000000, 0x00000000b5e00000, 0x00000000e0000000)
  object space 358400K, 4% used [0x00000000a0000000,0x00000000a10c4408,0x00000000b5e00000)
 Metaspace       used 57459K, capacity 58994K, committed 59160K, reserved 1099776K
  class space    used 7752K, capacity 8114K, committed 8232K, reserved 1048576K
Event: 4.703 GC heap after
Heap after GC invocations=8 (full 2):
 PSYoungGen      total 260608K, used 18940K [0x00000000e0000000, 0x00000000f1c00000, 0x0000000100000000)
  eden space 241664K, 0% used [0x00000000e0000000,0x00000000e0000000,0x00000000eec00000)
  from space 18944K, 99% used [0x00000000f0100000,0x00000000f137f258,0x00000000f1380000)
  to   space 21504K, 0% used [0x00000000eec00000,0x00000000eec00000,0x00000000f0100000)
 ParOldGen       total 358400K, used 17238K [0x00000000a0000000, 0x00000000b5e00000, 0x00000000e0000000)
  object space 358400K, 4% used [0x00000000a0000000,0x00000000a10d5858,0x00000000b5e00000)
 Metaspace       used 57459K, capacity 58994K, committed 59160K, reserved 1099776K
  class space    used 7752K, capacity 8114K, committed 8232K, reserved 1048576K
}
Event: 4.703 GC heap before
{Heap before GC invocations=9 (full 3):
 PSYoungGen      total 260608K, used 18940K [0x00000000e0000000, 0x00000000f1c00000, 0x0000000100000000)
  eden space 241664K, 0% used [0x00000000e0000000,0x00000000e0000000,0x00000000eec00000)
  from space 18944K, 99% used [0x00000000f0100000,0x00000000f137f258,0x00000000f1380000)
  to   space 21504K, 0% used [0x00000000eec00000,0x00000000eec00000,0x00000000f0100000)
 ParOldGen       total 358400K, used 17238K [0x00000000a0000000, 0x00000000b5e00000, 0x00000000e0000000)
  object space 358400K, 4% used [0x00000000a0000000,0x00000000a10d5858,0x00000000b5e00000)
 Metaspace       used 57459K, capacity 58994K, committed 59160K, reserved 1099776K
  class space    used 7752K, capacity 8114K, committed 8232K, reserved 1048576K
Event: 4.847 GC heap after
Heap after GC invocations=9 (full 3):
 PSYoungGen      total 260608K, used 0K [0x00000000e0000000, 0x00000000f1c00000, 0x0000000100000000)
  eden space 241664K, 0% used [0x00000000e0000000,0x00000000e0000000,0x00000000eec00000)
  from space 18944K, 0% used [0x00000000f0100000,0x00000000f0100000,0x00000000f1380000)
  to   space 21504K, 0% used [0x00000000eec00000,0x00000000eec00000,0x00000000f0100000)
 ParOldGen       total 533504K, used 33031K [0x00000000a0000000, 0x00000000c0900000, 0x00000000e0000000)
  object space 533504K, 6% used [0x00000000a0000000,0x00000000a2041fe0,0x00000000c0900000)
 Metaspace       used 57459K, capacity 58994K, committed 59160K, reserved 1099776K
  class space    used 7752K, capacity 8114K, committed 8232K, reserved 1048576K
}

